<?xml version="1.0" encoding="UTF-8"?>
<!-- Generated by org.testng.reporters.JUnitReportReporter -->
<testsuite hostname="LAPTOP-N1FNJ9SA" failures="0" tests="1" name="testCases.LoginTest" time="34.578" errors="0" timestamp="2024-07-20T15:14:48 IST" skipped="0">
  <testcase classname="testCases.LoginTest" name="testApp" time="34.578"/>
  <system-out/>
</testsuite> <!-- testCases.LoginTest -->
