<?xml version="1.0" encoding="UTF-8"?>
<!-- Generated by org.testng.reporters.JUnitReportReporter -->
<testsuite hostname="LAPTOP-N1FNJ9SA" failures="0" tests="2" name="testCases.CreateSuite" time="58.336" errors="0" timestamp="2024-07-20T23:14:21 IST" skipped="0">
  <testcase classname="testCases.CreateSuite" name="login" time="15.749"/>
  <system-out/>
  <testcase classname="testCases.CreateSuite" name="createsuite" time="42.587"/>
  <system-out/>
</testsuite> <!-- testCases.CreateSuite -->
